E:\Soleil_2018_09_SEX\PECD_B1_graphs_COMPARISON_POLY\Debug\cl.command.1.tlog
E:\Soleil_2018_09_SEX\PECD_B1_graphs_COMPARISON_POLY\Debug\CL.read.1.tlog
E:\Soleil_2018_09_SEX\PECD_B1_graphs_COMPARISON_POLY\Debug\CL.write.1.tlog
E:\Soleil_2018_09_SEX\PECD_B1_graphs_COMPARISON_POLY\Debug\link.10112.read.1.tlog
E:\Soleil_2018_09_SEX\PECD_B1_graphs_COMPARISON_POLY\Debug\link.10112.write.1.tlog
E:\Soleil_2018_09_SEX\PECD_B1_graphs_COMPARISON_POLY\Debug\link.10112-cvtres.read.1.tlog
E:\Soleil_2018_09_SEX\PECD_B1_graphs_COMPARISON_POLY\Debug\link.10112-cvtres.write.1.tlog
E:\Soleil_2018_09_SEX\PECD_B1_graphs_COMPARISON_POLY\Debug\link.20364.read.1.tlog
E:\Soleil_2018_09_SEX\PECD_B1_graphs_COMPARISON_POLY\Debug\link.20364.write.1.tlog
E:\Soleil_2018_09_SEX\PECD_B1_graphs_COMPARISON_POLY\Debug\link.20364-cvtres.read.1.tlog
E:\Soleil_2018_09_SEX\PECD_B1_graphs_COMPARISON_POLY\Debug\link.20364-cvtres.write.1.tlog
E:\Soleil_2018_09_SEX\PECD_B1_graphs_COMPARISON_POLY\Debug\link.command.1.tlog
E:\Soleil_2018_09_SEX\PECD_B1_graphs_COMPARISON_POLY\Debug\link.read.1.tlog
E:\Soleil_2018_09_SEX\PECD_B1_graphs_COMPARISON_POLY\Debug\link.write.1.tlog
E:\Soleil_2018_09_SEX\PECD_B1_graphs_COMPARISON_POLY\Debug\link-cvtres.read.1.tlog
E:\Soleil_2018_09_SEX\PECD_B1_graphs_COMPARISON_POLY\Debug\link-cvtres.write.1.tlog
E:\Soleil_2018_09_SEX\PECD_B1_graphs_COMPARISON_POLY\Debug\mt.command.1.tlog
E:\Soleil_2018_09_SEX\PECD_B1_graphs_COMPARISON_POLY\Debug\mt.read.1.tlog
E:\Soleil_2018_09_SEX\PECD_B1_graphs_COMPARISON_POLY\Debug\mt.write.1.tlog
E:\SOLEIL_2018_09_SEX\PECD_B1_GRAPHS_COMPARISON_POLY\DEBUG\PECD_GRAPHS_COMPARISON.EXE
E:\SOLEIL_2018_09_SEX\PECD_B1_GRAPHS_COMPARISON_POLY\DEBUG\PECD_GRAPHS_COMPARISON.EXE.EMBED.MANIFEST
E:\SOLEIL_2018_09_SEX\PECD_B1_GRAPHS_COMPARISON_POLY\DEBUG\PECD_GRAPHS_COMPARISON.EXE.EMBED.MANIFEST.RES
E:\SOLEIL_2018_09_SEX\PECD_B1_GRAPHS_COMPARISON_POLY\DEBUG\PECD_GRAPHS_COMPARISON.EXE.INTERMEDIATE.MANIFEST
E:\SOLEIL_2018_09_SEX\PECD_B1_GRAPHS_COMPARISON_POLY\DEBUG\PECD_GRAPHS_COMPARISON.ILK
E:\SOLEIL_2018_09_SEX\PECD_B1_GRAPHS_COMPARISON_POLY\DEBUG\PECD_GRAPHS_COMPARISON.PDB
E:\Soleil_2018_09_SEX\PECD_B1_graphs_COMPARISON_POLY\Debug\PECD_graphs_COMPARISON_manifest.rc
E:\SOLEIL_2018_09_SEX\PECD_B1_GRAPHS_COMPARISON_POLY\DEBUG\PECD_GRAPHS_GROUP_OF_2.OBJ
E:\Soleil_2018_09_SEX\PECD_B1_graphs_COMPARISON_POLY\Debug\rc.command.1.tlog
E:\Soleil_2018_09_SEX\PECD_B1_graphs_COMPARISON_POLY\Debug\rc.read.1.tlog
E:\Soleil_2018_09_SEX\PECD_B1_graphs_COMPARISON_POLY\Debug\rc.write.1.tlog
E:\Soleil_2018_09_SEX\PECD_B1_graphs_COMPARISON_POLY\Debug\stdafx.obj
E:\Soleil_2018_09_SEX\PECD_B1_graphs_COMPARISON_POLY\Debug\vc100.idb
E:\SOLEIL_2018_09_SEX\PECD_B1_GRAPHS_COMPARISON_POLY\DEBUG\VC100.PDB
